[12.10.2022 09:55] Chat started!
[12.10.2022 09:56] Chat started!
[12.10.2022 10:01] Chat started!
[12.10.2022 10:03] Chat started!
[14.10.2022 11:22] Чат запущен!
[14.10.2022 11:24] Чат запущен!
[14.10.2022 11:26] Введите ваше имя/nickname 
[14.10.2022 11:26] Чат запущен!
[14.10.2022 11:26] Введите ваше имя/nickname 
[14.10.2022 11:26] Новый участник вошел в чат
[14.10.2022 11:26] В чате 1 человек
[14.10.2022 11:26] Привет Vlad
[14.10.2022 11:26] Vlad: hellow
[14.10.2022 11:27] Новый участник вошел в чат
[14.10.2022 11:27] В чате 2 человек
[14.10.2022 11:27] Введите ваше имя/nickname 
[14.10.2022 11:27] Новый участник вошел в чат
[14.10.2022 11:27] В чате 2 человек
[14.10.2022 11:27] Привет Anna
[14.10.2022 11:27] Anna: hi
[14.10.2022 11:27] Anna: hi
[14.10.2022 11:27] Vlad: cv
[14.10.2022 11:27] Vlad: cv
[14.10.2022 11:27] Клиентов в чате 1
[18.10.2022 13:24] Чат запущен!
[18.10.2022 13:24] Введите ваше имя/nickname 
[18.10.2022 13:24] Новый участник вошел в чат
[18.10.2022 13:24] В чате 1 человек
[18.10.2022 13:24] Привет Dkfl
[18.10.2022 13:27] Чат запущен!
[18.10.2022 13:27] Введите ваше имя/nickname 
[18.10.2022 13:27] Новый участник вошел в чат
[18.10.2022 13:27] В чате 1 человек
[18.10.2022 13:27] Привет dkfl
[18.10.2022 13:27] Новый участник вошел в чат
[18.10.2022 13:27] В чате 2 человек
[18.10.2022 13:27] Введите ваше имя/nickname 
[18.10.2022 13:27] Новый участник вошел в чат
[18.10.2022 13:27] В чате 2 человек
[18.10.2022 13:27] Привет tgrtg
